{"C:\\Users\\nikit\\Desktop\\netology\\unitTests\\task_1\\netelogy_ajs_4_1\\js\\app.js": {"path":"C:\\Users\\nikit\\Desktop\\netology\\unitTests\\task_1\\netelogy_ajs_4_1\\js\\app.js","statementMap":{"0":{"start":{"line":3,"column":4},"end":{"line":9,"column":5}},"1":{"start":{"line":4,"column":8},"end":{"line":4,"column":30}},"2":{"start":{"line":5,"column":11},"end":{"line":9,"column":5}},"3":{"start":{"line":6,"column":8},"end":{"line":6,"column":30}},"4":{"start":{"line":7,"column":11},"end":{"line":9,"column":5}},"5":{"start":{"line":8,"column":8},"end":{"line":8,"column":31}},"6":{"start":{"line":11,"column":4},"end":{"line":11,"column":20}}},"fnMap":{"0":{"name":"showHealth","decl":{"start":{"line":1,"column":24},"end":{"line":1,"column":34}},"loc":{"start":{"line":1,"column":42},"end":{"line":12,"column":1}},"line":1}},"branchMap":{"0":{"loc":{"start":{"line":3,"column":4},"end":{"line":9,"column":5}},"type":"if","locations":[{"start":{"line":3,"column":4},"end":{"line":9,"column":5}},{"start":{"line":3,"column":4},"end":{"line":9,"column":5}}],"line":3},"1":{"loc":{"start":{"line":5,"column":11},"end":{"line":9,"column":5}},"type":"if","locations":[{"start":{"line":5,"column":11},"end":{"line":9,"column":5}},{"start":{"line":5,"column":11},"end":{"line":9,"column":5}}],"line":5},"2":{"loc":{"start":{"line":5,"column":15},"end":{"line":5,"column":55}},"type":"binary-expr","locations":[{"start":{"line":5,"column":15},"end":{"line":5,"column":33}},{"start":{"line":5,"column":37},"end":{"line":5,"column":55}}],"line":5},"3":{"loc":{"start":{"line":7,"column":11},"end":{"line":9,"column":5}},"type":"if","locations":[{"start":{"line":7,"column":11},"end":{"line":9,"column":5}},{"start":{"line":7,"column":11},"end":{"line":9,"column":5}}],"line":7}},"s":{"0":5,"1":1,"2":4,"3":3,"4":1,"5":1,"6":5},"f":{"0":5},"b":{"0":[1,4],"1":[3,1],"2":[4,4],"3":[1,0]},"_coverageSchema":"1a1c01bbd47fc00a2c39e90264f33305004495a9","hash":"1b57e57e5da7bf41005075cd5612bad35515a169"}
}
